Classic Timing Analyzer report for PWM
Tue Jun 07 15:09:19 2016
Quartus II Version 9.1 Build 222 10/21/2009 SJ Web Edition


---------------------
; Table of Contents ;
---------------------
  1. Legal Notice
  2. Timing Analyzer Summary
  3. Timing Analyzer Settings
  4. Clock Settings Summary
  5. Parallel Compilation
  6. Clock Setup: 'clock'
  7. tsu
  8. tco
  9. th
 10. Timing Analyzer Messages



----------------
; Legal Notice ;
----------------
Copyright (C) 1991-2009 Altera Corporation
Your use of Altera Corporation's design tools, logic functions 
and other software and tools, and its AMPP partner logic 
functions, and any output files from any of the foregoing 
(including device programming or simulation files), and any 
associated documentation or information are expressly subject 
to the terms and conditions of the Altera Program License 
Subscription Agreement, Altera MegaCore Function License 
Agreement, or other applicable license agreement, including, 
without limitation, that your use is for the sole purpose of 
programming logic devices manufactured by Altera and sold by 
Altera or its authorized distributors.  Please refer to the 
applicable agreement for further details.



+----------------------------------------------------------------------------------------------------------------------------------------------------------------------------------+
; Timing Analyzer Summary                                                                                                                                                          ;
+------------------------------+-------+---------------+------------------------------------------------+-----------------+-----------------+------------+----------+--------------+
; Type                         ; Slack ; Required Time ; Actual Time                                    ; From            ; To              ; From Clock ; To Clock ; Failed Paths ;
+------------------------------+-------+---------------+------------------------------------------------+-----------------+-----------------+------------+----------+--------------+
; Worst-case tsu               ; N/A   ; None          ; 5.335 ns                                       ; enable          ; pwm~reg0        ; --         ; clock    ; 0            ;
; Worst-case tco               ; N/A   ; None          ; 8.842 ns                                       ; counter[0]~reg0 ; counter[0]      ; clock      ; --       ; 0            ;
; Worst-case th                ; N/A   ; None          ; -4.756 ns                                      ; enable          ; pwm~reg0        ; --         ; clock    ; 0            ;
; Clock Setup: 'clock'         ; N/A   ; None          ; Restricted to 380.08 MHz ( period = 2.631 ns ) ; counter[0]~reg0 ; counter[3]~reg0 ; clock      ; clock    ; 0            ;
; Total number of failed paths ;       ;               ;                                                ;                 ;                 ;            ;          ; 0            ;
+------------------------------+-------+---------------+------------------------------------------------+-----------------+-----------------+------------+----------+--------------+


+-----------------------------------------------------------------------------------------------------------------------------------------------------+
; Timing Analyzer Settings                                                                                                                            ;
+------------------------------------------------------------------------------------------------------+--------------------+------+----+-------------+
; Option                                                                                               ; Setting            ; From ; To ; Entity Name ;
+------------------------------------------------------------------------------------------------------+--------------------+------+----+-------------+
; Device Name                                                                                          ; EP2C20F484C7       ;      ;    ;             ;
; Timing Models                                                                                        ; Final              ;      ;    ;             ;
; Default hold multicycle                                                                              ; Same as Multicycle ;      ;    ;             ;
; Cut paths between unrelated clock domains                                                            ; On                 ;      ;    ;             ;
; Cut off read during write signal paths                                                               ; On                 ;      ;    ;             ;
; Cut off feedback from I/O pins                                                                       ; On                 ;      ;    ;             ;
; Report Combined Fast/Slow Timing                                                                     ; Off                ;      ;    ;             ;
; Ignore Clock Settings                                                                                ; Off                ;      ;    ;             ;
; Analyze latches as synchronous elements                                                              ; On                 ;      ;    ;             ;
; Enable Recovery/Removal analysis                                                                     ; Off                ;      ;    ;             ;
; Enable Clock Latency                                                                                 ; Off                ;      ;    ;             ;
; Use TimeQuest Timing Analyzer                                                                        ; Off                ;      ;    ;             ;
; Minimum Core Junction Temperature                                                                    ; 0                  ;      ;    ;             ;
; Maximum Core Junction Temperature                                                                    ; 85                 ;      ;    ;             ;
; Number of source nodes to report per destination node                                                ; 10                 ;      ;    ;             ;
; Number of destination nodes to report                                                                ; 10                 ;      ;    ;             ;
; Number of paths to report                                                                            ; 200                ;      ;    ;             ;
; Report Minimum Timing Checks                                                                         ; Off                ;      ;    ;             ;
; Use Fast Timing Models                                                                               ; Off                ;      ;    ;             ;
; Report IO Paths Separately                                                                           ; Off                ;      ;    ;             ;
; Perform Multicorner Analysis                                                                         ; On                 ;      ;    ;             ;
; Reports the worst-case path for each clock domain and analysis                                       ; Off                ;      ;    ;             ;
; Reports worst-case timing paths for each clock domain and analysis                                   ; On                 ;      ;    ;             ;
; Specifies the maximum number of worst-case timing paths to report for each clock domain and analysis ; 100                ;      ;    ;             ;
; Removes common clock path pessimism (CCPP) during slack computation                                  ; Off                ;      ;    ;             ;
; Output I/O Timing Endpoint                                                                           ; Near End           ;      ;    ;             ;
+------------------------------------------------------------------------------------------------------+--------------------+------+----+-------------+


+------------------------------------------------------------------------------------------------------------------------------------------------------------------------------------+
; Clock Settings Summary                                                                                                                                                             ;
+-----------------+--------------------+----------+------------------+---------------+--------------+----------+-----------------------+---------------------+--------+--------------+
; Clock Node Name ; Clock Setting Name ; Type     ; Fmax Requirement ; Early Latency ; Late Latency ; Based on ; Multiply Base Fmax by ; Divide Base Fmax by ; Offset ; Phase offset ;
+-----------------+--------------------+----------+------------------+---------------+--------------+----------+-----------------------+---------------------+--------+--------------+
; clock           ;                    ; User Pin ; None             ; 0.000 ns      ; 0.000 ns     ; --       ; N/A                   ; N/A                 ; N/A    ;              ;
+-----------------+--------------------+----------+------------------+---------------+--------------+----------+-----------------------+---------------------+--------+--------------+


Parallel compilation was disabled, but you have multiple processors available. Enable parallel compilation to reduce compilation time.
+-------------------------------------+
; Parallel Compilation                ;
+----------------------------+--------+
; Processors                 ; Number ;
+----------------------------+--------+
; Number detected on machine ; 4      ;
; Maximum allowed            ; 1      ;
+----------------------------+--------+


+--------------------------------------------------------------------------------------------------------------------------------------------------------------------------------------------------------+
; Clock Setup: 'clock'                                                                                                                                                                                   ;
+-------+------------------------------------------------+-----------------+-----------------+------------+----------+-----------------------------+---------------------------+-------------------------+
; Slack ; Actual fmax (period)                           ; From            ; To              ; From Clock ; To Clock ; Required Setup Relationship ; Required Longest P2P Time ; Actual Longest P2P Time ;
+-------+------------------------------------------------+-----------------+-----------------+------------+----------+-----------------------------+---------------------------+-------------------------+
; N/A   ; Restricted to 380.08 MHz ( period = 2.631 ns ) ; counter[0]~reg0 ; counter[0]~reg0 ; clock      ; clock    ; None                        ; None                      ; 2.200 ns                ;
; N/A   ; Restricted to 380.08 MHz ( period = 2.631 ns ) ; counter[0]~reg0 ; counter[4]~reg0 ; clock      ; clock    ; None                        ; None                      ; 2.200 ns                ;
; N/A   ; Restricted to 380.08 MHz ( period = 2.631 ns ) ; counter[0]~reg0 ; counter[2]~reg0 ; clock      ; clock    ; None                        ; None                      ; 2.200 ns                ;
; N/A   ; Restricted to 380.08 MHz ( period = 2.631 ns ) ; counter[0]~reg0 ; counter[1]~reg0 ; clock      ; clock    ; None                        ; None                      ; 2.200 ns                ;
; N/A   ; Restricted to 380.08 MHz ( period = 2.631 ns ) ; counter[0]~reg0 ; counter[3]~reg0 ; clock      ; clock    ; None                        ; None                      ; 2.200 ns                ;
; N/A   ; Restricted to 380.08 MHz ( period = 2.631 ns ) ; counter[2]~reg0 ; counter[0]~reg0 ; clock      ; clock    ; None                        ; None                      ; 2.177 ns                ;
; N/A   ; Restricted to 380.08 MHz ( period = 2.631 ns ) ; counter[2]~reg0 ; counter[4]~reg0 ; clock      ; clock    ; None                        ; None                      ; 2.177 ns                ;
; N/A   ; Restricted to 380.08 MHz ( period = 2.631 ns ) ; counter[2]~reg0 ; counter[2]~reg0 ; clock      ; clock    ; None                        ; None                      ; 2.177 ns                ;
; N/A   ; Restricted to 380.08 MHz ( period = 2.631 ns ) ; counter[2]~reg0 ; counter[1]~reg0 ; clock      ; clock    ; None                        ; None                      ; 2.177 ns                ;
; N/A   ; Restricted to 380.08 MHz ( period = 2.631 ns ) ; counter[2]~reg0 ; counter[3]~reg0 ; clock      ; clock    ; None                        ; None                      ; 2.177 ns                ;
; N/A   ; Restricted to 380.08 MHz ( period = 2.631 ns ) ; counter[3]~reg0 ; counter[0]~reg0 ; clock      ; clock    ; None                        ; None                      ; 2.075 ns                ;
; N/A   ; Restricted to 380.08 MHz ( period = 2.631 ns ) ; counter[3]~reg0 ; counter[4]~reg0 ; clock      ; clock    ; None                        ; None                      ; 2.075 ns                ;
; N/A   ; Restricted to 380.08 MHz ( period = 2.631 ns ) ; counter[3]~reg0 ; counter[2]~reg0 ; clock      ; clock    ; None                        ; None                      ; 2.075 ns                ;
; N/A   ; Restricted to 380.08 MHz ( period = 2.631 ns ) ; counter[3]~reg0 ; counter[1]~reg0 ; clock      ; clock    ; None                        ; None                      ; 2.075 ns                ;
; N/A   ; Restricted to 380.08 MHz ( period = 2.631 ns ) ; counter[3]~reg0 ; counter[3]~reg0 ; clock      ; clock    ; None                        ; None                      ; 2.075 ns                ;
; N/A   ; Restricted to 380.08 MHz ( period = 2.631 ns ) ; counter[1]~reg0 ; counter[0]~reg0 ; clock      ; clock    ; None                        ; None                      ; 2.008 ns                ;
; N/A   ; Restricted to 380.08 MHz ( period = 2.631 ns ) ; counter[1]~reg0 ; counter[4]~reg0 ; clock      ; clock    ; None                        ; None                      ; 2.008 ns                ;
; N/A   ; Restricted to 380.08 MHz ( period = 2.631 ns ) ; counter[1]~reg0 ; counter[2]~reg0 ; clock      ; clock    ; None                        ; None                      ; 2.008 ns                ;
; N/A   ; Restricted to 380.08 MHz ( period = 2.631 ns ) ; counter[1]~reg0 ; counter[1]~reg0 ; clock      ; clock    ; None                        ; None                      ; 2.008 ns                ;
; N/A   ; Restricted to 380.08 MHz ( period = 2.631 ns ) ; counter[1]~reg0 ; counter[3]~reg0 ; clock      ; clock    ; None                        ; None                      ; 2.008 ns                ;
; N/A   ; Restricted to 380.08 MHz ( period = 2.631 ns ) ; counter[0]~reg0 ; pwm~reg0        ; clock      ; clock    ; None                        ; None                      ; 1.837 ns                ;
; N/A   ; Restricted to 380.08 MHz ( period = 2.631 ns ) ; counter[2]~reg0 ; pwm~reg0        ; clock      ; clock    ; None                        ; None                      ; 1.814 ns                ;
; N/A   ; Restricted to 380.08 MHz ( period = 2.631 ns ) ; counter[4]~reg0 ; counter[0]~reg0 ; clock      ; clock    ; None                        ; None                      ; 1.798 ns                ;
; N/A   ; Restricted to 380.08 MHz ( period = 2.631 ns ) ; counter[4]~reg0 ; counter[4]~reg0 ; clock      ; clock    ; None                        ; None                      ; 1.798 ns                ;
; N/A   ; Restricted to 380.08 MHz ( period = 2.631 ns ) ; counter[4]~reg0 ; counter[2]~reg0 ; clock      ; clock    ; None                        ; None                      ; 1.798 ns                ;
; N/A   ; Restricted to 380.08 MHz ( period = 2.631 ns ) ; counter[4]~reg0 ; counter[1]~reg0 ; clock      ; clock    ; None                        ; None                      ; 1.798 ns                ;
; N/A   ; Restricted to 380.08 MHz ( period = 2.631 ns ) ; counter[4]~reg0 ; counter[3]~reg0 ; clock      ; clock    ; None                        ; None                      ; 1.798 ns                ;
; N/A   ; Restricted to 380.08 MHz ( period = 2.631 ns ) ; counter[3]~reg0 ; pwm~reg0        ; clock      ; clock    ; None                        ; None                      ; 1.712 ns                ;
; N/A   ; Restricted to 380.08 MHz ( period = 2.631 ns ) ; counter[1]~reg0 ; pwm~reg0        ; clock      ; clock    ; None                        ; None                      ; 1.645 ns                ;
; N/A   ; Restricted to 380.08 MHz ( period = 2.631 ns ) ; pwm~reg0        ; pwm~reg0        ; clock      ; clock    ; None                        ; None                      ; 1.601 ns                ;
; N/A   ; Restricted to 380.08 MHz ( period = 2.631 ns ) ; counter[4]~reg0 ; pwm~reg0        ; clock      ; clock    ; None                        ; None                      ; 1.052 ns                ;
+-------+------------------------------------------------+-----------------+-----------------+------------+----------+-----------------------------+---------------------------+-------------------------+


+-------------------------------------------------------------------------+
; tsu                                                                     ;
+-------+--------------+------------+--------+-----------------+----------+
; Slack ; Required tsu ; Actual tsu ; From   ; To              ; To Clock ;
+-------+--------------+------------+--------+-----------------+----------+
; N/A   ; None         ; 5.335 ns   ; enable ; pwm~reg0        ; clock    ;
; N/A   ; None         ; 5.261 ns   ; enable ; counter[0]~reg0 ; clock    ;
; N/A   ; None         ; 5.261 ns   ; enable ; counter[4]~reg0 ; clock    ;
; N/A   ; None         ; 5.261 ns   ; enable ; counter[2]~reg0 ; clock    ;
; N/A   ; None         ; 5.261 ns   ; enable ; counter[1]~reg0 ; clock    ;
; N/A   ; None         ; 5.261 ns   ; enable ; counter[3]~reg0 ; clock    ;
+-------+--------------+------------+--------+-----------------+----------+


+-------------------------------------------------------------------------------+
; tco                                                                           ;
+-------+--------------+------------+-----------------+------------+------------+
; Slack ; Required tco ; Actual tco ; From            ; To         ; From Clock ;
+-------+--------------+------------+-----------------+------------+------------+
; N/A   ; None         ; 8.842 ns   ; counter[0]~reg0 ; counter[0] ; clock      ;
; N/A   ; None         ; 8.149 ns   ; counter[2]~reg0 ; counter[2] ; clock      ;
; N/A   ; None         ; 8.043 ns   ; counter[4]~reg0 ; counter[4] ; clock      ;
; N/A   ; None         ; 7.984 ns   ; pwm~reg0        ; pwm        ; clock      ;
; N/A   ; None         ; 7.803 ns   ; counter[1]~reg0 ; counter[1] ; clock      ;
; N/A   ; None         ; 7.663 ns   ; counter[3]~reg0 ; counter[3] ; clock      ;
+-------+--------------+------------+-----------------+------------+------------+


+-------------------------------------------------------------------------------+
; th                                                                            ;
+---------------+-------------+-----------+--------+-----------------+----------+
; Minimum Slack ; Required th ; Actual th ; From   ; To              ; To Clock ;
+---------------+-------------+-----------+--------+-----------------+----------+
; N/A           ; None        ; -4.756 ns ; enable ; pwm~reg0        ; clock    ;
; N/A           ; None        ; -5.013 ns ; enable ; counter[0]~reg0 ; clock    ;
; N/A           ; None        ; -5.013 ns ; enable ; counter[4]~reg0 ; clock    ;
; N/A           ; None        ; -5.013 ns ; enable ; counter[2]~reg0 ; clock    ;
; N/A           ; None        ; -5.013 ns ; enable ; counter[1]~reg0 ; clock    ;
; N/A           ; None        ; -5.013 ns ; enable ; counter[3]~reg0 ; clock    ;
+---------------+-------------+-----------+--------+-----------------+----------+


+--------------------------+
; Timing Analyzer Messages ;
+--------------------------+
Info: *******************************************************************
Info: Running Quartus II Classic Timing Analyzer
    Info: Version 9.1 Build 222 10/21/2009 SJ Web Edition
    Info: Processing started: Tue Jun 07 15:09:19 2016
Info: Command: quartus_tan --read_settings_files=off --write_settings_files=off PWM -c PWM --timing_analysis_only
Warning: Found pins functioning as undefined clocks and/or memory enables
    Info: Assuming node "clock" is an undefined clock
Info: Clock "clock" Internal fmax is restricted to 380.08 MHz between source register "counter[0]~reg0" and destination register "counter[0]~reg0"
    Info: fmax restricted to clock pin edge rate 2.631 ns. Expand message to see actual delay path.
        Info: + Longest register to register delay is 2.200 ns
            Info: 1: + IC(0.000 ns) + CELL(0.000 ns) = 0.000 ns; Loc. = LCFF_X16_Y22_N3; Fanout = 4; REG Node = 'counter[0]~reg0'
            Info: 2: + IC(0.371 ns) + CELL(0.516 ns) = 0.887 ns; Loc. = LCCOMB_X16_Y22_N0; Fanout = 2; COMB Node = 'LessThan1~0'
            Info: 3: + IC(0.295 ns) + CELL(0.178 ns) = 1.360 ns; Loc. = LCCOMB_X16_Y22_N26; Fanout = 5; COMB Node = 'counter~7'
            Info: 4: + IC(0.260 ns) + CELL(0.580 ns) = 2.200 ns; Loc. = LCFF_X16_Y22_N3; Fanout = 4; REG Node = 'counter[0]~reg0'
            Info: Total cell delay = 1.274 ns ( 57.91 % )
            Info: Total interconnect delay = 0.926 ns ( 42.09 % )
        Info: - Smallest clock skew is 0.000 ns
            Info: + Shortest clock path from clock "clock" to destination register is 2.843 ns
                Info: 1: + IC(0.000 ns) + CELL(1.026 ns) = 1.026 ns; Loc. = PIN_M1; Fanout = 1; CLK Node = 'clock'
                Info: 2: + IC(0.238 ns) + CELL(0.000 ns) = 1.264 ns; Loc. = CLKCTRL_G3; Fanout = 6; COMB Node = 'clock~clkctrl'
                Info: 3: + IC(0.977 ns) + CELL(0.602 ns) = 2.843 ns; Loc. = LCFF_X16_Y22_N3; Fanout = 4; REG Node = 'counter[0]~reg0'
                Info: Total cell delay = 1.628 ns ( 57.26 % )
                Info: Total interconnect delay = 1.215 ns ( 42.74 % )
            Info: - Longest clock path from clock "clock" to source register is 2.843 ns
                Info: 1: + IC(0.000 ns) + CELL(1.026 ns) = 1.026 ns; Loc. = PIN_M1; Fanout = 1; CLK Node = 'clock'
                Info: 2: + IC(0.238 ns) + CELL(0.000 ns) = 1.264 ns; Loc. = CLKCTRL_G3; Fanout = 6; COMB Node = 'clock~clkctrl'
                Info: 3: + IC(0.977 ns) + CELL(0.602 ns) = 2.843 ns; Loc. = LCFF_X16_Y22_N3; Fanout = 4; REG Node = 'counter[0]~reg0'
                Info: Total cell delay = 1.628 ns ( 57.26 % )
                Info: Total interconnect delay = 1.215 ns ( 42.74 % )
        Info: + Micro clock to output delay of source is 0.277 ns
        Info: + Micro setup delay of destination is -0.038 ns
Info: tsu for register "pwm~reg0" (data pin = "enable", clock pin = "clock") is 5.335 ns
    Info: + Longest pin to register delay is 8.216 ns
        Info: 1: + IC(0.000 ns) + CELL(0.863 ns) = 0.863 ns; Loc. = PIN_B8; Fanout = 3; PIN Node = 'enable'
        Info: 2: + IC(5.917 ns) + CELL(0.521 ns) = 7.301 ns; Loc. = LCCOMB_X16_Y22_N22; Fanout = 1; COMB Node = 'pwm~1'
        Info: 3: + IC(0.298 ns) + CELL(0.521 ns) = 8.120 ns; Loc. = LCCOMB_X16_Y22_N16; Fanout = 1; COMB Node = 'pwm~2'
        Info: 4: + IC(0.000 ns) + CELL(0.096 ns) = 8.216 ns; Loc. = LCFF_X16_Y22_N17; Fanout = 2; REG Node = 'pwm~reg0'
        Info: Total cell delay = 2.001 ns ( 24.35 % )
        Info: Total interconnect delay = 6.215 ns ( 75.65 % )
    Info: + Micro setup delay of destination is -0.038 ns
    Info: - Shortest clock path from clock "clock" to destination register is 2.843 ns
        Info: 1: + IC(0.000 ns) + CELL(1.026 ns) = 1.026 ns; Loc. = PIN_M1; Fanout = 1; CLK Node = 'clock'
        Info: 2: + IC(0.238 ns) + CELL(0.000 ns) = 1.264 ns; Loc. = CLKCTRL_G3; Fanout = 6; COMB Node = 'clock~clkctrl'
        Info: 3: + IC(0.977 ns) + CELL(0.602 ns) = 2.843 ns; Loc. = LCFF_X16_Y22_N17; Fanout = 2; REG Node = 'pwm~reg0'
        Info: Total cell delay = 1.628 ns ( 57.26 % )
        Info: Total interconnect delay = 1.215 ns ( 42.74 % )
Info: tco from clock "clock" to destination pin "counter[0]" through register "counter[0]~reg0" is 8.842 ns
    Info: + Longest clock path from clock "clock" to source register is 2.843 ns
        Info: 1: + IC(0.000 ns) + CELL(1.026 ns) = 1.026 ns; Loc. = PIN_M1; Fanout = 1; CLK Node = 'clock'
        Info: 2: + IC(0.238 ns) + CELL(0.000 ns) = 1.264 ns; Loc. = CLKCTRL_G3; Fanout = 6; COMB Node = 'clock~clkctrl'
        Info: 3: + IC(0.977 ns) + CELL(0.602 ns) = 2.843 ns; Loc. = LCFF_X16_Y22_N3; Fanout = 4; REG Node = 'counter[0]~reg0'
        Info: Total cell delay = 1.628 ns ( 57.26 % )
        Info: Total interconnect delay = 1.215 ns ( 42.74 % )
    Info: + Micro clock to output delay of source is 0.277 ns
    Info: + Longest register to pin delay is 5.722 ns
        Info: 1: + IC(0.000 ns) + CELL(0.000 ns) = 0.000 ns; Loc. = LCFF_X16_Y22_N3; Fanout = 4; REG Node = 'counter[0]~reg0'
        Info: 2: + IC(2.872 ns) + CELL(2.850 ns) = 5.722 ns; Loc. = PIN_E22; Fanout = 0; PIN Node = 'counter[0]'
        Info: Total cell delay = 2.850 ns ( 49.81 % )
        Info: Total interconnect delay = 2.872 ns ( 50.19 % )
Info: th for register "pwm~reg0" (data pin = "enable", clock pin = "clock") is -4.756 ns
    Info: + Longest clock path from clock "clock" to destination register is 2.843 ns
        Info: 1: + IC(0.000 ns) + CELL(1.026 ns) = 1.026 ns; Loc. = PIN_M1; Fanout = 1; CLK Node = 'clock'
        Info: 2: + IC(0.238 ns) + CELL(0.000 ns) = 1.264 ns; Loc. = CLKCTRL_G3; Fanout = 6; COMB Node = 'clock~clkctrl'
        Info: 3: + IC(0.977 ns) + CELL(0.602 ns) = 2.843 ns; Loc. = LCFF_X16_Y22_N17; Fanout = 2; REG Node = 'pwm~reg0'
        Info: Total cell delay = 1.628 ns ( 57.26 % )
        Info: Total interconnect delay = 1.215 ns ( 42.74 % )
    Info: + Micro hold delay of destination is 0.286 ns
    Info: - Shortest pin to register delay is 7.885 ns
        Info: 1: + IC(0.000 ns) + CELL(0.863 ns) = 0.863 ns; Loc. = PIN_B8; Fanout = 3; PIN Node = 'enable'
        Info: 2: + IC(5.919 ns) + CELL(0.516 ns) = 7.298 ns; Loc. = LCCOMB_X16_Y22_N12; Fanout = 1; COMB Node = 'pwm~0'
        Info: 3: + IC(0.313 ns) + CELL(0.178 ns) = 7.789 ns; Loc. = LCCOMB_X16_Y22_N16; Fanout = 1; COMB Node = 'pwm~2'
        Info: 4: + IC(0.000 ns) + CELL(0.096 ns) = 7.885 ns; Loc. = LCFF_X16_Y22_N17; Fanout = 2; REG Node = 'pwm~reg0'
        Info: Total cell delay = 1.653 ns ( 20.96 % )
        Info: Total interconnect delay = 6.232 ns ( 79.04 % )
Info: Quartus II Classic Timing Analyzer was successful. 0 errors, 1 warning
    Info: Peak virtual memory: 160 megabytes
    Info: Processing ended: Tue Jun 07 15:09:19 2016
    Info: Elapsed time: 00:00:00
    Info: Total CPU time (on all processors): 00:00:00


